# JRE version: OpenJDK Runtime Environment (8.0_242-b01) (build 1.8.0_242-release-1644-b01)
# Java VM: OpenJDK 64-Bit Server VM (25.242-b01 mixed mode windows-amd64 compressed oops)
Heap:
 PSYoungGen      total 182784K, used 55504K [0x00000000e0000000, 0x00000000edb00000, 0x0000000100000000)
  eden space 165888K, 24% used [0x00000000e0000000,0x00000000e282cb38,0x00000000ea200000)
  from space 16896K, 85% used [0x00000000ea200000,0x00000000eb007838,0x00000000eb280000)
  to   space 18432K, 0% used [0x00000000ec900000,0x00000000ec900000,0x00000000edb00000)
 ParOldGen       total 100864K, used 35606K [0x00000000a0000000, 0x00000000a6280000, 0x00000000e0000000)
  object space 100864K, 35% used [0x00000000a0000000,0x00000000a22c5990,0x00000000a6280000)
 Metaspace       used 66606K, capacity 69358K, committed 69464K, reserved 1110016K
  class space    used 8924K, capacity 9537K, committed 9600K, reserved 1048576K
GC Heap History (10 events):
Event: 14.008 GC heap before
{Heap before GC invocations=16 (full 2):
 PSYoungGen      total 114176K, used 114172K [0x00000000e0000000, 0x00000000e9580000, 0x0000000100000000)
  eden space 105472K, 100% used [0x00000000e0000000,0x00000000e6700000,0x00000000e6700000)
  from space 8704K, 99% used [0x00000000e6700000,0x00000000e6f7f2d0,0x00000000e6f80000)
  to   space 11264K, 0% used [0x00000000e8a80000,0x00000000e8a80000,0x00000000e9580000)
 ParOldGen       total 60416K, used 21552K [0x00000000a0000000, 0x00000000a3b00000, 0x00000000e0000000)
  object space 60416K, 35% used [0x00000000a0000000,0x00000000a150c3b8,0x00000000a3b00000)
 Metaspace       used 49923K, capacity 51382K, committed 51416K, reserved 1093632K
  class space    used 6748K, capacity 7168K, committed 7168K, reserved 1048576K
Event: 14.063 GC heap after
Heap after GC invocations=16 (full 2):
 PSYoungGen      total 140288K, used 10848K [0x00000000e0000000, 0x00000000e9b80000, 0x0000000100000000)
  eden space 129024K, 0% used [0x00000000e0000000,0x00000000e0000000,0x00000000e7e00000)
  from space 11264K, 96% used [0x00000000e8a80000,0x00000000e9518010,0x00000000e9580000)
  to   space 12800K, 0% used [0x00000000e7e00000,0x00000000e7e00000,0x00000000e8a80000)
 ParOldGen       total 60416K, used 27284K [0x00000000a0000000, 0x00000000a3b00000, 0x00000000e0000000)
  object space 60416K, 45% used [0x00000000a0000000,0x00000000a1aa51c0,0x00000000a3b00000)
 Metaspace       used 49923K, capacity 51382K, committed 51416K, reserved 1093632K
  class space    used 6748K, capacity 7168K, committed 7168K, reserved 1048576K
}
Event: 16.566 GC heap before
{Heap before GC invocations=17 (full 2):
 PSYoungGen      total 140288K, used 139872K [0x00000000e0000000, 0x00000000e9b80000, 0x0000000100000000)
  eden space 129024K, 100% used [0x00000000e0000000,0x00000000e7e00000,0x00000000e7e00000)
  from space 11264K, 96% used [0x00000000e8a80000,0x00000000e9518010,0x00000000e9580000)
  to   space 12800K, 0% used [0x00000000e7e00000,0x00000000e7e00000,0x00000000e8a80000)
 ParOldGen       total 60416K, used 27284K [0x00000000a0000000, 0x00000000a3b00000, 0x00000000e0000000)
  object space 60416K, 45% used [0x00000000a0000000,0x00000000a1aa51c0,0x00000000a3b00000)
 Metaspace       used 56166K, capacity 57980K, committed 58072K, reserved 1099776K
  class space    used 7656K, capacity 8182K, committed 8192K, reserved 1048576K
Event: 16.636 GC heap after
Heap after GC invocations=17 (full 2):
 PSYoungGen      total 141824K, used 12797K [0x00000000e0000000, 0x00000000ec300000, 0x0000000100000000)
  eden space 129024K, 0% used [0x00000000e0000000,0x00000000e0000000,0x00000000e7e00000)
  from space 12800K, 99% used [0x00000000e7e00000,0x00000000e8a7f6f0,0x00000000e8a80000)
  to   space 16896K, 0% used [0x00000000eb280000,0x00000000eb280000,0x00000000ec300000)
 ParOldGen       total 60416K, used 33454K [0x00000000a0000000, 0x00000000a3b00000, 0x00000000e0000000)
  object space 60416K, 55% used [0x00000000a0000000,0x00000000a20ab820,0x00000000a3b00000)
 Metaspace       used 56166K, capacity 57980K, committed 58072K, reserved 1099776K
  class space    used 7656K, capacity 8182K, committed 8192K, reserved 1048576K
}
Event: 17.576 GC heap before
{Heap before GC invocations=18 (full 2):
 PSYoungGen      total 141824K, used 30967K [0x00000000e0000000, 0x00000000ec300000, 0x0000000100000000)
  eden space 129024K, 14% used [0x00000000e0000000,0x00000000e11be618,0x00000000e7e00000)
  from space 12800K, 99% used [0x00000000e7e00000,0x00000000e8a7f6f0,0x00000000e8a80000)
  to   space 16896K, 0% used [0x00000000eb280000,0x00000000eb280000,0x00000000ec300000)
 ParOldGen       total 60416K, used 33454K [0x00000000a0000000, 0x00000000a3b00000, 0x00000000e0000000)
  object space 60416K, 55% used [0x00000000a0000000,0x00000000a20ab820,0x00000000a3b00000)
 Metaspace       used 57195K, capacity 58962K, committed 58968K, reserved 1099776K
  class space    used 7803K, capacity 8317K, committed 8320K, reserved 1048576K
Event: 17.596 GC heap after
Heap after GC invocations=18 (full 2):
 PSYoungGen      total 182784K, used 1780K [0x00000000e0000000, 0x00000000ec300000, 0x0000000100000000)
  eden space 165888K, 0% used [0x00000000e0000000,0x00000000e0000000,0x00000000ea200000)
  from space 16896K, 10% used [0x00000000eb280000,0x00000000eb43d3b8,0x00000000ec300000)
  to   space 16896K, 0% used [0x00000000ea200000,0x00000000ea200000,0x00000000eb280000)
 ParOldGen       total 60416K, used 46251K [0x00000000a0000000, 0x00000000a3b00000, 0x00000000e0000000)
  object space 60416K, 76% used [0x00000000a0000000,0x00000000a2d2ac90,0x00000000a3b00000)
 Metaspace       used 57195K, capacity 58962K, committed 58968K, reserved 1099776K
  class space    used 7803K, capacity 8317K, committed 8320K, reserved 1048576K
}
Event: 17.596 GC heap before
{Heap before GC invocations=19 (full 3):
 PSYoungGen      total 182784K, used 1780K [0x00000000e0000000, 0x00000000ec300000, 0x0000000100000000)
  eden space 165888K, 0% used [0x00000000e0000000,0x00000000e0000000,0x00000000ea200000)
  from space 16896K, 10% used [0x00000000eb280000,0x00000000eb43d3b8,0x00000000ec300000)
  to   space 16896K, 0% used [0x00000000ea200000,0x00000000ea200000,0x00000000eb280000)
 ParOldGen       total 60416K, used 46251K [0x00000000a0000000, 0x00000000a3b00000, 0x00000000e0000000)
  object space 60416K, 76% used [0x00000000a0000000,0x00000000a2d2ac90,0x00000000a3b00000)
 Metaspace       used 57195K, capacity 58962K, committed 58968K, reserved 1099776K
  class space    used 7803K, capacity 8317K, committed 8320K, reserved 1048576K
Event: 18.074 GC heap after
Heap after GC invocations=19 (full 3):
 PSYoungGen      total 182784K, used 0K [0x00000000e0000000, 0x00000000ec300000, 0x0000000100000000)
  eden space 165888K, 0% used [0x00000000e0000000,0x00000000e0000000,0x00000000ea200000)
  from space 16896K, 0% used [0x00000000eb280000,0x00000000eb280000,0x00000000ec300000)
  to   space 16896K, 0% used [0x00000000ea200000,0x00000000ea200000,0x00000000eb280000)
 ParOldGen       total 100864K, used 35598K [0x00000000a0000000, 0x00000000a6280000, 0x00000000e0000000)
  object space 100864K, 35% used [0x00000000a0000000,0x00000000a22c3990,0x00000000a6280000)
 Metaspace       used 57195K, capacity 58962K, committed 58968K, reserved 1099776K
  class space    used 7803K, capacity 8317K, committed 8320K, reserved 1048576K
}
Event: 181.095 GC heap before
{Heap before GC invocations=20 (full 3):
 PSYoungGen      total 182784K, used 165888K [0x00000000e0000000, 0x00000000ec300000, 0x0000000100000000)
  eden space 165888K, 100% used [0x00000000e0000000,0x00000000ea200000,0x00000000ea200000)
  from space 16896K, 0% used [0x00000000eb280000,0x00000000eb280000,0x00000000ec300000)
  to   space 16896K, 0% used [0x00000000ea200000,0x00000000ea200000,0x00000000eb280000)
 ParOldGen       total 100864K, used 35598K [0x00000000a0000000, 0x00000000a6280000, 0x00000000e0000000)
  object space 100864K, 35% used [0x00000000a0000000,0x00000000a22c3990,0x00000000a6280000)
 Metaspace       used 66217K, capacity 68876K, committed 68952K, reserved 1107968K
  class space    used 8917K, capacity 9524K, committed 9600K, reserved 1048576K
Event: 181.718 GC heap after
Heap after GC invocations=20 (full 3):
 PSYoungGen      total 182784K, used 14366K [0x00000000e0000000, 0x00000000edb00000, 0x0000000100000000)
  eden space 165888K, 0% used [0x00000000e0000000,0x00000000e0000000,0x00000000ea200000)
  from space 16896K, 85% used [0x00000000ea200000,0x00000000eb007838,0x00000000eb280000)
  to   space 18432K, 0% used [0x00000000ec900000,0x00000000ec900000,0x00000000edb00000)
 ParOldGen       total 100864K, used 35606K [0x00000000a0000000, 0x00000000a6280000, 0x00000000e0000000)
  object space 100864K, 35% used [0x00000000a0000000,0x00000000a22c5990,0x00000000a6280000)
 Metaspace       used 66217K, capacity 68876K, committed 68952K, reserved 1107968K
  class space    used 8917K, capacity 9524K, committed 9600K, reserved 1048576K
}

